2014-12-01 10:17:42,781 WARN  protocol.ResponseProcessCookies - Cookie rejected [U_TRS1="00000070.b5c26890.547bcfc6.84a8530c", version:0, domain:.sina.com.cn, path:/, expiry:Thu Nov 28 10:17:42 CST 2024] Illegal domain attribute "sina.com.cn". Domain of origin: "www.miaopai.com"
2014-12-01 10:17:42,781 WARN  protocol.ResponseProcessCookies - Cookie rejected [U_TRS2="00000070.b5d16890.547bcfc6.0b171907", version:0, domain:.sina.com.cn, path:/, expiry:null] Illegal domain attribute "sina.com.cn". Domain of origin: "www.miaopai.com"
2014-12-01 10:32:35,876 WARN  protocol.ResponseProcessCookies - Cookie rejected [U_TRS1="0000005e.2084d12.547bd343.67250a60", version:0, domain:.sina.com.cn, path:/, expiry:Thu Nov 28 10:32:35 CST 2024] Illegal domain attribute "sina.com.cn". Domain of origin: "www.miaopai.com"
2014-12-01 10:32:35,876 WARN  protocol.ResponseProcessCookies - Cookie rejected [U_TRS2="0000005e.2094d12.547bd343.0cfd6815", version:0, domain:.sina.com.cn, path:/, expiry:null] Illegal domain attribute "sina.com.cn". Domain of origin: "www.miaopai.com"
2014-12-01 10:32:49,269 WARN  protocol.ResponseProcessCookies - Cookie rejected [U_TRS1="0000005e.2fa14915.547bd350.5f99aae3", version:0, domain:.sina.com.cn, path:/, expiry:Thu Nov 28 10:32:48 CST 2024] Illegal domain attribute "sina.com.cn". Domain of origin: "www.miaopai.com"
2014-12-01 10:32:49,269 WARN  protocol.ResponseProcessCookies - Cookie rejected [U_TRS2="0000005e.2fb04915.547bd350.1210cb3a", version:0, domain:.sina.com.cn, path:/, expiry:null] Illegal domain attribute "sina.com.cn". Domain of origin: "www.miaopai.com"
2014-12-01 10:33:59,843 WARN  protocol.ResponseProcessCookies - Cookie rejected [U_TRS1="0000005e.8498335d.547bd397.6f4f1d88", version:0, domain:.sina.com.cn, path:/, expiry:Thu Nov 28 10:33:59 CST 2024] Illegal domain attribute "sina.com.cn". Domain of origin: "www.miaopai.com"
2014-12-01 10:33:59,843 WARN  protocol.ResponseProcessCookies - Cookie rejected [U_TRS2="0000005e.84a7335d.547bd397.2b78814c", version:0, domain:.sina.com.cn, path:/, expiry:null] Illegal domain attribute "sina.com.cn". Domain of origin: "www.miaopai.com"
2014-12-01 11:04:10,664 WARN  protocol.ResponseProcessCookies - Cookie rejected [U_TRS1="00000034.ac6d4206.547bdaaa.5b265893", version:0, domain:.sina.com.cn, path:/, expiry:Thu Nov 28 11:04:10 CST 2024] Illegal domain attribute "sina.com.cn". Domain of origin: "www.miaopai.com"
2014-12-01 11:04:10,664 WARN  protocol.ResponseProcessCookies - Cookie rejected [U_TRS2="00000034.ac7b4206.547bdaaa.0a9f37e6", version:0, domain:.sina.com.cn, path:/, expiry:null] Illegal domain attribute "sina.com.cn". Domain of origin: "www.miaopai.com"
2014-12-01 11:09:01,018 WARN  protocol.ResponseProcessCookies - Invalid cookie header: "Set-Cookie: safedog-flow-item=7BEBDDC440DBAFD4E42904EE9E2EE3CD; expires=Thur, 7-Jan-2151 04:43:08 GMT; domain=bbstoday.com; path=/". Unable to parse expires attribute: Thur, 7-Jan-2151 04:43:08 GMT
2014-12-01 11:23:45,035 WARN  protocol.ResponseProcessCookies - Invalid cookie header: "Set-Cookie: safedog-flow-item=7BEBDDC440DBAFD4E42904EE9E2EE3CD; expires=Thur, 7-Jan-2151 04:57:52 GMT; domain=bbstoday.com; path=/". Unable to parse expires attribute: Thur, 7-Jan-2151 04:57:52 GMT
2014-12-01 13:50:13,655 WARN  protocol.ResponseProcessCookies - Cookie rejected [U_TRS1="00000034.babc7906.547c0195.1e5a9bc5", version:0, domain:.sina.com.cn, path:/, expiry:Thu Nov 28 13:50:13 CST 2024] Illegal domain attribute "sina.com.cn". Domain of origin: "apps.weibo.com"
2014-12-01 13:50:13,656 WARN  protocol.ResponseProcessCookies - Cookie rejected [U_TRS2="00000034.bacc7906.547c0195.d0d292ee", version:0, domain:.sina.com.cn, path:/, expiry:null] Illegal domain attribute "sina.com.cn". Domain of origin: "apps.weibo.com"
2014-12-01 14:08:28,165 INFO  execchain.RetryExec - I/O exception (java.net.SocketException) caught when processing request to {}->http://travel.sina.com.cn:80: Connection reset
2014-12-01 14:08:28,166 INFO  execchain.RetryExec - Retrying request to {}->http://travel.sina.com.cn:80
2014-12-01 14:08:28,637 INFO  execchain.RetryExec - I/O exception (java.net.SocketException) caught when processing request to {}->http://travel.sina.com.cn:80: Connection reset
2014-12-01 14:08:28,638 INFO  execchain.RetryExec - Retrying request to {}->http://travel.sina.com.cn:80
2014-12-01 14:08:28,940 INFO  execchain.RetryExec - I/O exception (org.apache.http.NoHttpResponseException) caught when processing request to {}->http://travel.sina.com.cn:80: The target server failed to respond
2014-12-01 14:08:28,940 INFO  execchain.RetryExec - Retrying request to {}->http://travel.sina.com.cn:80
2014-12-01 14:25:38,046 WARN  protocol.ResponseProcessCookies - Invalid cookie header: "Set-Cookie: safedog-flow-item=8B32595817C093E36D6E1069F14F5779; expires=Thur, 7-Jan-2151 07:56:05 GMT; domain=yw.gov.cn; path=/". Unable to parse expires attribute: Thur, 7-Jan-2151 07:56:05 GMT
2014-12-01 14:27:02,077 WARN  protocol.ResponseProcessCookies - Cookie rejected [U_TRS1="0000005e.fe2f524a.547c0a35.2e8f7bd5", version:0, domain:.sina.com.cn, path:/, expiry:Thu Nov 28 14:27:01 CST 2024] Illegal domain attribute "sina.com.cn". Domain of origin: "apps.weibo.com"
2014-12-01 14:27:02,077 WARN  protocol.ResponseProcessCookies - Cookie rejected [U_TRS2="0000005e.fe3c524a.547c0a35.04d49bbd", version:0, domain:.sina.com.cn, path:/, expiry:null] Illegal domain attribute "sina.com.cn". Domain of origin: "apps.weibo.com"
2014-12-01 14:32:58,936 WARN  protocol.ResponseProcessCookies - Invalid cookie header: "Set-Cookie: safedog-flow-item=8B32595817C093E36D6E1069F14F5779; expires=Thur, 7-Jan-2151 08:03:26 GMT; domain=yw.gov.cn; path=/". Unable to parse expires attribute: Thur, 7-Jan-2151 08:03:26 GMT
2014-12-01 14:50:14,645 WARN  protocol.ResponseProcessCookies - Invalid cookie header: "Set-Cookie: safedog-flow-item=8B32595817C093E36D6E1069F14F5779; expires=Thur, 7-Jan-2151 08:20:42 GMT; domain=yw.gov.cn; path=/". Unable to parse expires attribute: Thur, 7-Jan-2151 08:20:42 GMT
2014-12-01 14:53:50,005 WARN  protocol.ResponseProcessCookies - Cookie rejected [U_TRS1="0000005e.6a9c3a39.547c107d.17eb3553", version:0, domain:.sina.com.cn, path:/, expiry:Thu Nov 28 14:53:49 CST 2024] Illegal domain attribute "sina.com.cn". Domain of origin: "talk.weibo.com"
2014-12-01 14:53:50,005 WARN  protocol.ResponseProcessCookies - Cookie rejected [U_TRS2="0000005e.6aab3a39.547c107d.6ae2e458", version:0, domain:.sina.com.cn, path:/, expiry:null] Illegal domain attribute "sina.com.cn". Domain of origin: "talk.weibo.com"
2014-12-01 14:57:36,753 WARN  protocol.ResponseProcessCookies - Invalid cookie header: "Set-Cookie: safedog-flow-item=B8CA724E1FA8C2E4380BBA677A42A8DE; expires=Thur, 7-Jan-2151 08:32:36 GMT; domain=gming.org; path=/". Unable to parse expires attribute: Thur, 7-Jan-2151 08:32:36 GMT
2014-12-01 14:57:58,120 WARN  protocol.ResponseProcessCookies - Invalid cookie header: "Set-Cookie: safedog-flow-item=526ED09AFA4F1C887C0317421EBD6AA9; expires=Thur, 7-Jan-2151 08:30:52 GMT; domain=puercn.com; path=/". Unable to parse expires attribute: Thur, 7-Jan-2151 08:30:52 GMT
2014-12-01 15:13:35,591 WARN  protocol.ResponseProcessCookies - Cookie rejected [U_TRS1="00000070.6c460c6.547c151e.7d0ed55a", version:0, domain:.sina.com.cn, path:/, expiry:Thu Nov 28 15:13:34 CST 2024] Illegal domain attribute "sina.com.cn". Domain of origin: "s.weibo.com"
2014-12-01 15:13:35,592 WARN  protocol.ResponseProcessCookies - Cookie rejected [U_TRS2="00000070.6d360c6.547c151e.9f7c7c5b", version:0, domain:.sina.com.cn, path:/, expiry:null] Illegal domain attribute "sina.com.cn". Domain of origin: "s.weibo.com"
2014-12-01 15:13:46,707 WARN  protocol.ResponseProcessCookies - Cookie rejected [U_TRS1="00000034.aafa7c11.547c152a.a6109eec", version:0, domain:.sina.com.cn, path:/, expiry:Thu Nov 28 15:13:46 CST 2024] Illegal domain attribute "sina.com.cn". Domain of origin: "www.miaopai.com"
2014-12-01 15:13:46,707 WARN  protocol.ResponseProcessCookies - Cookie rejected [U_TRS2="00000034.ab0a7c11.547c152a.41735f7a", version:0, domain:.sina.com.cn, path:/, expiry:null] Illegal domain attribute "sina.com.cn". Domain of origin: "www.miaopai.com"
2014-12-01 15:13:47,711 WARN  protocol.ResponseProcessCookies - Cookie rejected [SSOLoginState="deleted", version:0, domain:.xueyuan.sina.com.cn:8080, path:/, expiry:Thu Jan 01 08:00:01 CST 1970] Illegal domain attribute "xueyuan.sina.com.cn:8080". Domain of origin: "qipai.sina.com.cn"
2014-12-01 15:13:47,711 WARN  protocol.ResponseProcessCookies - Cookie rejected [ALF="deleted", version:0, domain:.xueyuan.sina.com.cn:8080, path:/, expiry:Thu Jan 01 08:00:01 CST 1970] Illegal domain attribute "xueyuan.sina.com.cn:8080". Domain of origin: "qipai.sina.com.cn"
2014-12-01 15:16:23,370 WARN  protocol.ResponseProcessCookies - Cookie rejected [U_TRS1="0000002b.9cf6485f.547c15c6.18bc8cf3", version:0, domain:.sina.com.cn, path:/, expiry:Thu Nov 28 15:16:22 CST 2024] Illegal domain attribute "sina.com.cn". Domain of origin: "s.weibo.com"
2014-12-01 15:16:23,371 WARN  protocol.ResponseProcessCookies - Cookie rejected [U_TRS2="0000002b.9d05485f.547c15c6.1c6ef893", version:0, domain:.sina.com.cn, path:/, expiry:null] Illegal domain attribute "sina.com.cn". Domain of origin: "s.weibo.com"
2014-12-01 15:16:43,831 WARN  protocol.ResponseProcessCookies - Cookie rejected [U_TRS1="0000005e.42e6c9e.547c15db.1fb5df1e", version:0, domain:.sina.com.cn, path:/, expiry:Thu Nov 28 15:16:43 CST 2024] Illegal domain attribute "sina.com.cn". Domain of origin: "www.miaopai.com"
2014-12-01 15:16:43,832 WARN  protocol.ResponseProcessCookies - Cookie rejected [U_TRS2="0000005e.42f5c9e.547c15db.f8024598", version:0, domain:.sina.com.cn, path:/, expiry:null] Illegal domain attribute "sina.com.cn". Domain of origin: "www.miaopai.com"
2014-12-01 15:16:45,438 WARN  protocol.ResponseProcessCookies - Cookie rejected [SSOLoginState="deleted", version:0, domain:.xueyuan.sina.com.cn:8080, path:/, expiry:Thu Jan 01 08:00:01 CST 1970] Illegal domain attribute "xueyuan.sina.com.cn:8080". Domain of origin: "qipai.sina.com.cn"
2014-12-01 15:16:45,438 WARN  protocol.ResponseProcessCookies - Cookie rejected [ALF="deleted", version:0, domain:.xueyuan.sina.com.cn:8080, path:/, expiry:Thu Jan 01 08:00:01 CST 1970] Illegal domain attribute "xueyuan.sina.com.cn:8080". Domain of origin: "qipai.sina.com.cn"
2014-12-01 15:18:35,330 WARN  protocol.ResponseProcessCookies - Cookie rejected [U_TRS1="0000002b.b55948b8.547c164a.495cb292", version:0, domain:.sina.com.cn, path:/, expiry:Thu Nov 28 15:18:34 CST 2024] Illegal domain attribute "sina.com.cn". Domain of origin: "www.miaopai.com"
2014-12-01 15:18:35,330 WARN  protocol.ResponseProcessCookies - Cookie rejected [U_TRS2="0000002b.b56948b8.547c164a.447f3499", version:0, domain:.sina.com.cn, path:/, expiry:null] Illegal domain attribute "sina.com.cn". Domain of origin: "www.miaopai.com"
2014-12-01 15:18:38,195 WARN  protocol.ResponseProcessCookies - Cookie rejected [U_TRS1="0000002b.7669c52.547c164d.81759444", version:0, domain:.sina.com.cn, path:/, expiry:Thu Nov 28 15:18:37 CST 2024] Illegal domain attribute "sina.com.cn". Domain of origin: "www.miaopai.com"
2014-12-01 15:18:38,195 WARN  protocol.ResponseProcessCookies - Cookie rejected [U_TRS2="0000002b.7678c52.547c164d.abaff877", version:0, domain:.sina.com.cn, path:/, expiry:null] Illegal domain attribute "sina.com.cn". Domain of origin: "www.miaopai.com"
2014-12-01 15:19:09,429 WARN  protocol.ResponseProcessCookies - Cookie rejected [U_TRS1="0000005e.9fb21524.547c166c.7626a1a5", version:0, domain:.sina.com.cn, path:/, expiry:Thu Nov 28 15:19:08 CST 2024] Illegal domain attribute "sina.com.cn". Domain of origin: "www.miaopai.com"
2014-12-01 15:19:09,429 WARN  protocol.ResponseProcessCookies - Cookie rejected [U_TRS2="0000005e.9fc21524.547c166c.6268e055", version:0, domain:.sina.com.cn, path:/, expiry:null] Illegal domain attribute "sina.com.cn". Domain of origin: "www.miaopai.com"
2014-12-01 15:20:23,695 WARN  protocol.ResponseProcessCookies - Cookie rejected [U_TRS1="0000005e.da7a214f.547c16b7.098b6972", version:0, domain:.sina.com.cn, path:/, expiry:Thu Nov 28 15:20:23 CST 2024] Illegal domain attribute "sina.com.cn". Domain of origin: "www.miaopai.com"
2014-12-01 15:20:23,696 WARN  protocol.ResponseProcessCookies - Cookie rejected [U_TRS2="0000005e.da89214f.547c16b7.6fcb3900", version:0, domain:.sina.com.cn, path:/, expiry:null] Illegal domain attribute "sina.com.cn". Domain of origin: "www.miaopai.com"
2014-12-01 15:21:56,943 WARN  protocol.ResponseProcessCookies - Cookie rejected [U_TRS1="0000002b.e1be2f2c.547c1714.c3d24f59", version:0, domain:.sina.com.cn, path:/, expiry:Thu Nov 28 15:21:56 CST 2024] Illegal domain attribute "sina.com.cn". Domain of origin: "www.miaopai.com"
2014-12-01 15:21:56,943 WARN  protocol.ResponseProcessCookies - Cookie rejected [U_TRS2="0000002b.e1cd2f2c.547c1714.02a082bb", version:0, domain:.sina.com.cn, path:/, expiry:null] Illegal domain attribute "sina.com.cn". Domain of origin: "www.miaopai.com"
2014-12-01 15:22:40,800 WARN  protocol.ResponseProcessCookies - Cookie rejected [U_TRS1="0000002b.4a8cc5a.547c1740.5f9691d4", version:0, domain:.sina.com.cn, path:/, expiry:Thu Nov 28 15:22:40 CST 2024] Illegal domain attribute "sina.com.cn". Domain of origin: "www.miaopai.com"
2014-12-01 15:22:40,800 WARN  protocol.ResponseProcessCookies - Cookie rejected [U_TRS2="0000002b.4a9bc5a.547c1740.0db66686", version:0, domain:.sina.com.cn, path:/, expiry:null] Illegal domain attribute "sina.com.cn". Domain of origin: "www.miaopai.com"
2014-12-01 15:22:41,775 WARN  protocol.ResponseProcessCookies - Cookie rejected [U_TRS1="00000070.e8d828b6.547c1741.25bef28b", version:0, domain:.sina.com.cn, path:/, expiry:Thu Nov 28 15:22:41 CST 2024] Illegal domain attribute "sina.com.cn". Domain of origin: "mail.sina.cn"
2014-12-01 15:22:41,775 WARN  protocol.ResponseProcessCookies - Cookie rejected [U_TRS2="00000070.e8e728b6.547c1741.47430555", version:0, domain:.sina.com.cn, path:/, expiry:null] Illegal domain attribute "sina.com.cn". Domain of origin: "mail.sina.cn"
2014-12-01 15:22:43,743 WARN  protocol.ResponseProcessCookies - Cookie rejected [U_TRS1="0000002b.92ee5dd1.547c1743.31eeb707", version:0, domain:.sina.com.cn, path:/, expiry:Thu Nov 28 15:22:43 CST 2024] Illegal domain attribute "sina.com.cn". Domain of origin: "www.miaopai.com"
2014-12-01 15:22:43,743 WARN  protocol.ResponseProcessCookies - Cookie rejected [U_TRS2="0000002b.92fd5dd1.547c1743.36d56b4f", version:0, domain:.sina.com.cn, path:/, expiry:null] Illegal domain attribute "sina.com.cn". Domain of origin: "www.miaopai.com"
2014-12-01 15:22:55,589 WARN  protocol.ResponseProcessCookies - Cookie rejected [U_TRS1="0000002b.7f8f4db4.547c174f.5da5227e", version:0, domain:.sina.com.cn, path:/, expiry:Thu Nov 28 15:22:55 CST 2024] Illegal domain attribute "sina.com.cn". Domain of origin: "www.miaopai.com"
2014-12-01 15:22:55,589 WARN  protocol.ResponseProcessCookies - Cookie rejected [U_TRS2="0000002b.7faf4db4.547c174f.2fb031ef", version:0, domain:.sina.com.cn, path:/, expiry:null] Illegal domain attribute "sina.com.cn". Domain of origin: "www.miaopai.com"
2014-12-01 15:23:08,696 WARN  protocol.ResponseProcessCookies - Cookie rejected [U_TRS1="0000002b.b28433b7.547c175c.2818fd42", version:0, domain:.sina.com.cn, path:/, expiry:Thu Nov 28 15:23:08 CST 2024] Illegal domain attribute "sina.com.cn". Domain of origin: "www.miaopai.com"
2014-12-01 15:23:08,696 WARN  protocol.ResponseProcessCookies - Cookie rejected [U_TRS2="0000002b.b29233b7.547c175c.789ca354", version:0, domain:.sina.com.cn, path:/, expiry:null] Illegal domain attribute "sina.com.cn". Domain of origin: "www.miaopai.com"
2014-12-01 15:47:13,363 WARN  protocol.ResponseProcessCookies - Cookie rejected [U_TRS1="0000005e.2b4028ea.547c1d00.35669b9a", version:0, domain:.sina.com.cn, path:/, expiry:Thu Nov 28 15:47:12 CST 2024] Illegal domain attribute "sina.com.cn". Domain of origin: "s.weibo.com"
2014-12-01 15:47:13,363 WARN  protocol.ResponseProcessCookies - Cookie rejected [U_TRS2="0000005e.2b4f28ea.547c1d00.9e035464", version:0, domain:.sina.com.cn, path:/, expiry:null] Illegal domain attribute "sina.com.cn". Domain of origin: "s.weibo.com"
2014-12-01 15:47:35,557 WARN  protocol.ResponseProcessCookies - Cookie rejected [U_TRS1="0000005e.54262e33.547c1d17.85752311", version:0, domain:.sina.com.cn, path:/, expiry:Thu Nov 28 15:47:35 CST 2024] Illegal domain attribute "sina.com.cn". Domain of origin: "www.miaopai.com"
2014-12-01 15:47:35,557 WARN  protocol.ResponseProcessCookies - Cookie rejected [U_TRS2="0000005e.54352e33.547c1d17.5cb66299", version:0, domain:.sina.com.cn, path:/, expiry:null] Illegal domain attribute "sina.com.cn". Domain of origin: "www.miaopai.com"
2014-12-01 15:47:37,099 WARN  protocol.ResponseProcessCookies - Cookie rejected [SSOLoginState="deleted", version:0, domain:.xueyuan.sina.com.cn:8080, path:/, expiry:Thu Jan 01 08:00:01 CST 1970] Illegal domain attribute "xueyuan.sina.com.cn:8080". Domain of origin: "qipai.sina.com.cn"
2014-12-01 15:47:37,099 WARN  protocol.ResponseProcessCookies - Cookie rejected [ALF="deleted", version:0, domain:.xueyuan.sina.com.cn:8080, path:/, expiry:Thu Jan 01 08:00:01 CST 1970] Illegal domain attribute "xueyuan.sina.com.cn:8080". Domain of origin: "qipai.sina.com.cn"
2014-12-01 15:49:00,706 WARN  protocol.ResponseProcessCookies - Cookie rejected [U_TRS1="0000002b.280b7f4c.547c1d6c.f8a3d044", version:0, domain:.sina.com.cn, path:/, expiry:Thu Nov 28 15:49:00 CST 2024] Illegal domain attribute "sina.com.cn". Domain of origin: "www.miaopai.com"
2014-12-01 15:49:00,706 WARN  protocol.ResponseProcessCookies - Cookie rejected [U_TRS2="0000002b.281a7f4c.547c1d6c.c3246bab", version:0, domain:.sina.com.cn, path:/, expiry:null] Illegal domain attribute "sina.com.cn". Domain of origin: "www.miaopai.com"
2014-12-01 15:49:07,289 WARN  protocol.ResponseProcessCookies - Cookie rejected [U_TRS1="0000002b.fce9102c.547c1d72.329fc8f5", version:0, domain:.sina.com.cn, path:/, expiry:Thu Nov 28 15:49:06 CST 2024] Illegal domain attribute "sina.com.cn". Domain of origin: "www.miaopai.com"
2014-12-01 15:49:07,289 WARN  protocol.ResponseProcessCookies - Cookie rejected [U_TRS2="0000002b.fcf8102c.547c1d72.a63a6527", version:0, domain:.sina.com.cn, path:/, expiry:null] Illegal domain attribute "sina.com.cn". Domain of origin: "www.miaopai.com"
2014-12-01 15:49:58,571 WARN  protocol.ResponseProcessCookies - Cookie rejected [U_TRS1="0000005e.a6ab795e.547c1da6.b00fd1bc", version:0, domain:.sina.com.cn, path:/, expiry:Thu Nov 28 15:49:58 CST 2024] Illegal domain attribute "sina.com.cn". Domain of origin: "www.miaopai.com"
2014-12-01 15:49:58,571 WARN  protocol.ResponseProcessCookies - Cookie rejected [U_TRS2="0000005e.a6bb795e.547c1da6.3f499e25", version:0, domain:.sina.com.cn, path:/, expiry:null] Illegal domain attribute "sina.com.cn". Domain of origin: "www.miaopai.com"
2014-12-01 15:51:19,443 WARN  protocol.ResponseProcessCookies - Cookie rejected [U_TRS1="0000005e.23e335fb.547c1df6.d418e686", version:0, domain:.sina.com.cn, path:/, expiry:Thu Nov 28 15:51:18 CST 2024] Illegal domain attribute "sina.com.cn". Domain of origin: "www.miaopai.com"
2014-12-01 15:51:19,443 WARN  protocol.ResponseProcessCookies - Cookie rejected [U_TRS2="0000005e.23f535fb.547c1df6.7854ee3c", version:0, domain:.sina.com.cn, path:/, expiry:null] Illegal domain attribute "sina.com.cn". Domain of origin: "www.miaopai.com"
2014-12-01 15:53:06,602 WARN  protocol.ResponseProcessCookies - Cookie rejected [U_TRS1="0000005e.b9155cb0.547c1e62.a4ef9b95", version:0, domain:.sina.com.cn, path:/, expiry:Thu Nov 28 15:53:06 CST 2024] Illegal domain attribute "sina.com.cn". Domain of origin: "www.miaopai.com"
2014-12-01 15:53:06,602 WARN  protocol.ResponseProcessCookies - Cookie rejected [U_TRS2="0000005e.b9245cb0.547c1e62.6818d5bd", version:0, domain:.sina.com.cn, path:/, expiry:null] Illegal domain attribute "sina.com.cn". Domain of origin: "www.miaopai.com"
2014-12-01 15:53:38,417 WARN  protocol.ResponseProcessCookies - Cookie rejected [U_TRS1="0000002b.d6924778.547c1e81.8c3ee02b", version:0, domain:.sina.com.cn, path:/, expiry:Thu Nov 28 15:53:37 CST 2024] Illegal domain attribute "sina.com.cn". Domain of origin: "www.miaopai.com"
2014-12-01 15:53:38,417 WARN  protocol.ResponseProcessCookies - Cookie rejected [U_TRS2="0000002b.d6a24778.547c1e81.027a0127", version:0, domain:.sina.com.cn, path:/, expiry:null] Illegal domain attribute "sina.com.cn". Domain of origin: "www.miaopai.com"
2014-12-01 15:53:40,414 WARN  protocol.ResponseProcessCookies - Cookie rejected [U_TRS1="00000070.c7cc3b4c.547c1e84.f1370144", version:0, domain:.sina.com.cn, path:/, expiry:Thu Nov 28 15:53:40 CST 2024] Illegal domain attribute "sina.com.cn". Domain of origin: "mail.sina.cn"
2014-12-01 15:53:40,414 WARN  protocol.ResponseProcessCookies - Cookie rejected [U_TRS2="00000070.c7e83b4c.547c1e84.dbcbc698", version:0, domain:.sina.com.cn, path:/, expiry:null] Illegal domain attribute "sina.com.cn". Domain of origin: "mail.sina.cn"
2014-12-01 15:53:44,160 WARN  protocol.ResponseProcessCookies - Cookie rejected [U_TRS1="0000002b.79be68ed.547c1e87.0da290e4", version:0, domain:.sina.com.cn, path:/, expiry:Thu Nov 28 15:53:43 CST 2024] Illegal domain attribute "sina.com.cn". Domain of origin: "www.miaopai.com"
2014-12-01 15:53:44,160 WARN  protocol.ResponseProcessCookies - Cookie rejected [U_TRS2="0000002b.79cd68ed.547c1e87.a128454a", version:0, domain:.sina.com.cn, path:/, expiry:null] Illegal domain attribute "sina.com.cn". Domain of origin: "www.miaopai.com"
2014-12-01 15:54:03,417 WARN  protocol.ResponseProcessCookies - Cookie rejected [U_TRS1="0000002b.a58465a2.547c1e9a.2ad572aa", version:0, domain:.sina.com.cn, path:/, expiry:Thu Nov 28 15:54:02 CST 2024] Illegal domain attribute "sina.com.cn". Domain of origin: "www.miaopai.com"
2014-12-01 15:54:03,417 WARN  protocol.ResponseProcessCookies - Cookie rejected [U_TRS2="0000002b.a59665a2.547c1e9a.0873952c", version:0, domain:.sina.com.cn, path:/, expiry:null] Illegal domain attribute "sina.com.cn". Domain of origin: "www.miaopai.com"
2014-12-01 15:54:33,946 WARN  protocol.ResponseProcessCookies - Cookie rejected [U_TRS1="0000002b.edd2442b.547c1eb9.8b3abc12", version:0, domain:.sina.com.cn, path:/, expiry:Thu Nov 28 15:54:33 CST 2024] Illegal domain attribute "sina.com.cn". Domain of origin: "www.miaopai.com"
2014-12-01 15:54:33,946 WARN  protocol.ResponseProcessCookies - Cookie rejected [U_TRS2="0000002b.ede1442b.547c1eb9.043e9424", version:0, domain:.sina.com.cn, path:/, expiry:null] Illegal domain attribute "sina.com.cn". Domain of origin: "www.miaopai.com"
2014-12-01 16:16:14,460 WARN  protocol.ResponseProcessCookies - Cookie rejected [U_TRS1="0000005e.986d6212.547c23ce.3b99a5df", version:0, domain:.sina.com.cn, path:/, expiry:Thu Nov 28 16:16:14 CST 2024] Illegal domain attribute "sina.com.cn". Domain of origin: "talk.weibo.com"
2014-12-01 16:16:14,460 WARN  protocol.ResponseProcessCookies - Cookie rejected [U_TRS2="0000005e.987c6212.547c23ce.25492095", version:0, domain:.sina.com.cn, path:/, expiry:null] Illegal domain attribute "sina.com.cn". Domain of origin: "talk.weibo.com"
2014-12-01 16:16:37,103 INFO  execchain.RetryExec - I/O exception (java.net.SocketException) caught when processing request to {}->http://www.plapic.com.cn:80: Software caused connection abort: recv failed
2014-12-01 16:16:37,103 INFO  execchain.RetryExec - Retrying request to {}->http://www.plapic.com.cn:80
2014-12-01 16:16:37,117 INFO  execchain.RetryExec - I/O exception (java.net.SocketException) caught when processing request to {}->http://www.plapic.com.cn:80: Software caused connection abort: recv failed
2014-12-01 16:16:37,117 INFO  execchain.RetryExec - Retrying request to {}->http://www.plapic.com.cn:80
2014-12-01 16:16:37,130 INFO  execchain.RetryExec - I/O exception (java.net.SocketException) caught when processing request to {}->http://www.plapic.com.cn:80: Software caused connection abort: recv failed
2014-12-01 16:16:37,130 INFO  execchain.RetryExec - Retrying request to {}->http://www.plapic.com.cn:80
2014-12-01 16:17:34,671 WARN  protocol.ResponseProcessCookies - Invalid cookie header: "Set-Cookie: safedog-flow-item=8B32595817C093E36D6E1069F14F5779; expires=Thur, 7-Jan-2151 09:48:02 GMT; domain=yw.gov.cn; path=/". Unable to parse expires attribute: Thur, 7-Jan-2151 09:48:02 GMT
2014-12-01 16:17:45,424 WARN  protocol.ResponseProcessCookies - Invalid cookie header: "Set-Cookie: safedog-flow-item=8B32595817C093E36D6E1069F14F5779; expires=Thur, 7-Jan-2151 09:50:16 GMT; domain=etf88.com; path=/". Unable to parse expires attribute: Thur, 7-Jan-2151 09:50:16 GMT
2014-12-01 16:18:29,820 INFO  execchain.RetryExec - I/O exception (org.apache.http.NoHttpResponseException) caught when processing request to {}->http://data.house.sina.com.cn:80: The target server failed to respond
2014-12-01 16:18:29,820 INFO  execchain.RetryExec - Retrying request to {}->http://data.house.sina.com.cn:80
2014-12-01 16:19:11,567 WARN  protocol.ResponseProcessCookies - Cookie rejected [U_TRS1="0000002b.ae6c1c1b.547c247f.48deccb5", version:0, domain:.sina.com.cn, path:/, expiry:Thu Nov 28 16:19:11 CST 2024] Illegal domain attribute "sina.com.cn". Domain of origin: "widget.weibo.com"
2014-12-01 16:19:11,567 WARN  protocol.ResponseProcessCookies - Cookie rejected [U_TRS2="0000002b.ae951c1b.547c247f.691ac7f6", version:0, domain:.sina.com.cn, path:/, expiry:null] Illegal domain attribute "sina.com.cn". Domain of origin: "widget.weibo.com"
2014-12-01 16:19:14,254 WARN  protocol.ResponseProcessCookies - Cookie rejected [U_TRS1="0000005e.adf73853.547c2481.3f727411", version:0, domain:.sina.com.cn, path:/, expiry:Thu Nov 28 16:19:13 CST 2024] Illegal domain attribute "sina.com.cn". Domain of origin: "s.weibo.com"
2014-12-01 16:19:14,255 WARN  protocol.ResponseProcessCookies - Cookie rejected [U_TRS2="0000005e.ae033853.547c2481.fb356e6a", version:0, domain:.sina.com.cn, path:/, expiry:null] Illegal domain attribute "sina.com.cn". Domain of origin: "s.weibo.com"
2014-12-01 16:19:46,783 WARN  protocol.ResponseProcessCookies - Invalid cookie header: "Set-Cookie: safedog-flow-item=06D9342415E4A3C86211595B8E2D9E7C; expires=Thur, 7-Jan-2151 09:52:30 GMT; domain=sjhuatong.com; path=/". Unable to parse expires attribute: Thur, 7-Jan-2151 09:52:30 GMT
2014-12-01 16:19:53,525 WARN  protocol.ResponseProcessCookies - Cookie rejected [U_TRS1="0000005e.6dc852ec.547c24a9.366ac187", version:0, domain:.sina.com.cn, path:/, expiry:Thu Nov 28 16:19:53 CST 2024] Illegal domain attribute "sina.com.cn". Domain of origin: "talk.weibo.com"
2014-12-01 16:19:53,525 WARN  protocol.ResponseProcessCookies - Cookie rejected [U_TRS2="0000005e.6dd352ec.547c24a9.005c0a73", version:0, domain:.sina.com.cn, path:/, expiry:null] Illegal domain attribute "sina.com.cn". Domain of origin: "talk.weibo.com"
